[debug] [2023-05-14T11:09:36.617Z] ----------------------------------------------------------------------
[debug] [2023-05-14T11:09:36.619Z] Command:       C:\Program Files\nodejs\node.exe C:\Users\Andres\AppData\Roaming\npm\node_modules\firebase-tools\lib\bin\firebase.js init
[debug] [2023-05-14T11:09:36.619Z] CLI Version:   12.0.0
[debug] [2023-05-14T11:09:36.620Z] Platform:      win32
[debug] [2023-05-14T11:09:36.620Z] Node Version:  v18.16.0
[debug] [2023-05-14T11:09:36.621Z] Time:          Sun May 14 2023 06:09:36 GMT-0500 (hora estándar de Colombia)
[debug] [2023-05-14T11:09:36.621Z] ----------------------------------------------------------------------
[debug] 
[debug] [2023-05-14T11:09:36.629Z] > command requires scopes: ["email","openid","https://www.googleapis.com/auth/cloudplatformprojects.readonly","https://www.googleapis.com/auth/firebase","https://www.googleapis.com/auth/cloud-platform"]
[debug] [2023-05-14T11:09:36.630Z] > authorizing via signed-in user (leonardo.b93.ab@gmail.com)
[info] 
     ######## #### ########  ######## ########     ###     ######  ########
     ##        ##  ##     ## ##       ##     ##  ##   ##  ##       ##
     ######    ##  ########  ######   ########  #########  ######  ######
     ##        ##  ##    ##  ##       ##     ## ##     ##       ## ##
     ##       #### ##     ## ######## ########  ##     ##  ######  ########

You're about to initialize a Firebase project in this directory:

  C:\Users\Andres\Documents\Programacion\prueba_tecnica

[info] 
=== Project Setup
[info] 
[info] First, let's associate this project directory with a Firebase project.
[info] You can create multiple project aliases by running firebase use --add, 
[info] but for now we'll just set up a default project.
[info] 
[debug] [2023-05-14T11:10:28.637Z] >>> [apiv2][query] GET https://firebase.googleapis.com/v1beta1/projects pageSize=100
[debug] [2023-05-14T11:10:29.256Z] <<< [apiv2][status] GET https://firebase.googleapis.com/v1beta1/projects 200
[debug] [2023-05-14T11:10:29.256Z] <<< [apiv2][body] GET https://firebase.googleapis.com/v1beta1/projects [omitted]
[info] i  Using project prueba-e876d (prueba) 
[info] 
=== Hosting Setup
[info] 
[info] Your public directory is the folder (relative to your project directory) that
[info] will contain Hosting assets to be uploaded with firebase deploy. If you
[info] have a build process for your assets, use your build's output directory.
[info] 
